<?xml version="1.0" encoding="UTF-8"?>
<!-- Generated by org.testng.reporters.JUnitReportReporter -->
<testsuite hostname="LAPTOP-SIAA86Q4" failures="0" tests="5" name="vTigerPractice.DataProviderPractice" time="0.033" errors="0" timestamp="2023-04-12T22:15:47 GMT-04:00" skipped="0">
  <testcase classname="vTigerPractice.DataProviderPractice" name="sampleTest" time="0.002"/>
  <system-out/>
  <testcase classname="vTigerPractice.DataProviderPractice" name="sampleTest" time="0.027"/>
  <system-out/>
  <testcase classname="vTigerPractice.DataProviderPractice" name="sampleTest" time="0.002"/>
  <system-out/>
  <testcase classname="vTigerPractice.DataProviderPractice" name="sampleTest" time="0.001"/>
  <system-out/>
  <testcase classname="vTigerPractice.DataProviderPractice" name="sampleTest" time="0.001"/>
  <system-out/>
</testsuite> <!-- vTigerPractice.DataProviderPractice -->
