<?xml version="1.0" encoding="UTF-8"?>
<!-- Generated by org.testng.reporters.JUnitReportReporter -->
<testsuite hostname="LAPTOP-SIAA86Q4" failures="0" tests="1" name="VTiger.Contacts.CreateContactWithOrganizationTest" time="31.643" errors="0" timestamp="2023-04-25T22:09:27 GMT-04:00" skipped="0">
  <testcase classname="VTiger.Contacts.CreateContactWithOrganizationTest" name="createContactWithOrgTest" time="31.643"/>
  <system-out/>
</testsuite> <!-- VTiger.Contacts.CreateContactWithOrganizationTest -->
