<?xml version="1.0" encoding="UTF-8"?>
<!-- Generated by org.testng.reporters.JUnitReportReporter -->
<testsuite hostname="LAPTOP-SIAA86Q4" failures="0" tests="5" name="VTiger.Organizations.CreateMultipleOrgWithIndustry" time="169.787" errors="0" timestamp="2023-04-13T23:09:49 GMT-04:00" skipped="0">
  <testcase classname="VTiger.Organizations.CreateMultipleOrgWithIndustry" name="createMultipleOrgTest" time="30.658"/>
  <system-out/>
  <testcase classname="VTiger.Organizations.CreateMultipleOrgWithIndustry" name="createMultipleOrgTest" time="30.850"/>
  <system-out/>
  <testcase classname="VTiger.Organizations.CreateMultipleOrgWithIndustry" name="createMultipleOrgTest" time="50.961"/>
  <system-out/>
  <testcase classname="VTiger.Organizations.CreateMultipleOrgWithIndustry" name="createMultipleOrgTest" time="28.566"/>
  <system-out/>
  <testcase classname="VTiger.Organizations.CreateMultipleOrgWithIndustry" name="createMultipleOrgTest" time="28.752"/>
  <system-out/>
</testsuite> <!-- VTiger.Organizations.CreateMultipleOrgWithIndustry -->
