<?xml version="1.0" encoding="UTF-8"?>
<!-- Generated by org.testng.reporters.JUnitReportReporter -->
<testsuite hostname="LAPTOP-SIAA86Q4" failures="0" tests="1" name="VTiger.Organizations.CreateNewOrganizationTest" time="18.010" errors="0" timestamp="2023-04-25T22:18:32 GMT-04:00" skipped="0">
  <testcase classname="VTiger.Organizations.CreateNewOrganizationTest" name="createNewOrgTest" time="18.010"/>
  <system-out/>
</testsuite> <!-- VTiger.Organizations.CreateNewOrganizationTest -->
