<?xml version="1.0" encoding="UTF-8"?>
<!-- Generated by org.testng.reporters.JUnitReportReporter -->
<testsuite hostname="LAPTOP-SIAA86Q4" failures="0" tests="1" name="vTigerPractice.DatePractice" time="0.030" errors="0" timestamp="2023-04-28T11:26:08 GMT-04:00" skipped="0">
  <testcase classname="vTigerPractice.DatePractice" name="DatePractice" time="0.030"/>
  <system-out/>
</testsuite> <!-- vTigerPractice.DatePractice -->
